# JRE version: OpenJDK Runtime Environment (17.0.9) (build 17.0.9+0--11185874)
# Java VM: OpenJDK 64-Bit Server VM (17.0.9+0--11185874, mixed mode, tiered, compressed oops, compressed class ptrs, g1 gc, windows-amd64)
GC Precious Log:
 CPUs: 16 total, 16 available
 Memory: 16110M
 Large Page Support: Disabled
 NUMA Support: Disabled
 Compressed Oops: Enabled (Zero based)
 Heap Region Size: 2M
 Heap Min Capacity: 8M
 Heap Initial Capacity: 252M
 Heap Max Capacity: 4028M
 Pre-touch: Disabled
 Parallel Workers: 13
 Concurrent Workers: 3
 Concurrent Refinement Workers: 13
 Periodic GC: Disabled
Heap:
 garbage-first heap   total 133120K, used 76206K [0x0000000704400000, 0x0000000800000000)
  region size 2048K, 1 young (2048K), 1 survivors (2048K)
 Metaspace       used 85871K, committed 86208K, reserved 1179648K
  class space    used 9252K, committed 9408K, reserved 1048576K
GC Heap History (20 events):
Event: 3.339 GC heap after
{Heap after GC invocations=18 (full 0):
 garbage-first heap   total 102400K, used 51070K [0x0000000704400000, 0x0000000800000000)
  region size 2048K, 3 young (6144K), 3 survivors (6144K)
 Metaspace       used 59145K, committed 59392K, reserved 1114112K
  class space    used 6754K, committed 6848K, reserved 1048576K
}
Event: 3.702 GC heap before
{Heap before GC invocations=18 (full 0):
 garbage-first heap   total 102400K, used 77694K [0x0000000704400000, 0x0000000800000000)
  region size 2048K, 16 young (32768K), 3 survivors (6144K)
 Metaspace       used 61414K, committed 61632K, reserved 1114112K
  class space    used 6938K, committed 7040K, reserved 1048576K
}
Event: 3.710 GC heap after
{Heap after GC invocations=19 (full 0):
 garbage-first heap   total 102400K, used 52791K [0x0000000704400000, 0x0000000800000000)
  region size 2048K, 2 young (4096K), 2 survivors (4096K)
 Metaspace       used 61414K, committed 61632K, reserved 1114112K
  class space    used 6938K, committed 7040K, reserved 1048576K
}
Event: 3.962 GC heap before
{Heap before GC invocations=20 (full 0):
 garbage-first heap   total 102400K, used 79415K [0x0000000704400000, 0x0000000800000000)
  region size 2048K, 15 young (30720K), 2 survivors (4096K)
 Metaspace       used 66429K, committed 66688K, reserved 1114112K
  class space    used 7413K, committed 7552K, reserved 1048576K
}
Event: 3.969 GC heap after
{Heap after GC invocations=21 (full 0):
 garbage-first heap   total 102400K, used 55294K [0x0000000704400000, 0x0000000800000000)
  region size 2048K, 2 young (4096K), 2 survivors (4096K)
 Metaspace       used 66429K, committed 66688K, reserved 1114112K
  class space    used 7413K, committed 7552K, reserved 1048576K
}
Event: 4.266 GC heap before
{Heap before GC invocations=21 (full 0):
 garbage-first heap   total 102400K, used 79870K [0x0000000704400000, 0x0000000800000000)
  region size 2048K, 14 young (28672K), 2 survivors (4096K)
 Metaspace       used 68894K, committed 69184K, reserved 1114112K
  class space    used 7714K, committed 7872K, reserved 1048576K
}
Event: 4.276 GC heap after
{Heap after GC invocations=22 (full 0):
 garbage-first heap   total 133120K, used 59212K [0x0000000704400000, 0x0000000800000000)
  region size 2048K, 2 young (4096K), 2 survivors (4096K)
 Metaspace       used 68894K, committed 69184K, reserved 1114112K
  class space    used 7714K, committed 7872K, reserved 1048576K
}
Event: 4.732 GC heap before
{Heap before GC invocations=23 (full 0):
 garbage-first heap   total 133120K, used 100172K [0x0000000704400000, 0x0000000800000000)
  region size 2048K, 22 young (45056K), 2 survivors (4096K)
 Metaspace       used 70961K, committed 71296K, reserved 1114112K
  class space    used 7906K, committed 8064K, reserved 1048576K
}
Event: 4.744 GC heap after
{Heap after GC invocations=24 (full 0):
 garbage-first heap   total 133120K, used 66201K [0x0000000704400000, 0x0000000800000000)
  region size 2048K, 3 young (6144K), 3 survivors (6144K)
 Metaspace       used 70961K, committed 71296K, reserved 1114112K
  class space    used 7906K, committed 8064K, reserved 1048576K
}
Event: 5.032 GC heap before
{Heap before GC invocations=24 (full 0):
 garbage-first heap   total 133120K, used 101017K [0x0000000704400000, 0x0000000800000000)
  region size 2048K, 20 young (40960K), 3 survivors (6144K)
 Metaspace       used 76000K, committed 76352K, reserved 1179648K
  class space    used 8450K, committed 8640K, reserved 1048576K
}
Event: 5.040 GC heap after
{Heap after GC invocations=25 (full 0):
 garbage-first heap   total 133120K, used 70645K [0x0000000704400000, 0x0000000800000000)
  region size 2048K, 2 young (4096K), 2 survivors (4096K)
 Metaspace       used 76000K, committed 76352K, reserved 1179648K
  class space    used 8450K, committed 8640K, reserved 1048576K
}
Event: 5.425 GC heap before
{Heap before GC invocations=26 (full 0):
 garbage-first heap   total 133120K, used 101365K [0x0000000704400000, 0x0000000800000000)
  region size 2048K, 18 young (36864K), 2 survivors (4096K)
 Metaspace       used 80618K, committed 81024K, reserved 1179648K
  class space    used 8882K, committed 9088K, reserved 1048576K
}
Event: 5.432 GC heap after
{Heap after GC invocations=27 (full 0):
 garbage-first heap   total 133120K, used 72710K [0x0000000704400000, 0x0000000800000000)
  region size 2048K, 1 young (2048K), 1 survivors (2048K)
 Metaspace       used 80618K, committed 81024K, reserved 1179648K
  class space    used 8882K, committed 9088K, reserved 1048576K
}
Event: 5.449 GC heap before
{Heap before GC invocations=27 (full 0):
 garbage-first heap   total 133120K, used 76806K [0x0000000704400000, 0x0000000800000000)
  region size 2048K, 3 young (6144K), 1 survivors (2048K)
 Metaspace       used 80647K, committed 81024K, reserved 1179648K
  class space    used 8882K, committed 9088K, reserved 1048576K
}
Event: 5.455 GC heap after
{Heap after GC invocations=28 (full 0):
 garbage-first heap   total 133120K, used 72650K [0x0000000704400000, 0x0000000800000000)
  region size 2048K, 1 young (2048K), 1 survivors (2048K)
 Metaspace       used 80647K, committed 81024K, reserved 1179648K
  class space    used 8882K, committed 9088K, reserved 1048576K
}
Event: 5.823 GC heap before
{Heap before GC invocations=28 (full 0):
 garbage-first heap   total 133120K, used 101322K [0x0000000704400000, 0x0000000800000000)
  region size 2048K, 16 young (32768K), 1 survivors (2048K)
 Metaspace       used 83970K, committed 84352K, reserved 1179648K
  class space    used 9146K, committed 9344K, reserved 1048576K
}
Event: 5.827 GC heap after
{Heap after GC invocations=29 (full 0):
 garbage-first heap   total 133120K, used 73599K [0x0000000704400000, 0x0000000800000000)
  region size 2048K, 1 young (2048K), 1 survivors (2048K)
 Metaspace       used 83970K, committed 84352K, reserved 1179648K
  class space    used 9146K, committed 9344K, reserved 1048576K
}
Event: 6.104 GC heap before
{Heap before GC invocations=30 (full 0):
 garbage-first heap   total 133120K, used 106367K [0x0000000704400000, 0x0000000800000000)
  region size 2048K, 17 young (34816K), 1 survivors (2048K)
 Metaspace       used 85871K, committed 86208K, reserved 1179648K
  class space    used 9252K, committed 9408K, reserved 1048576K
}
Event: 6.108 GC heap after
{Heap after GC invocations=31 (full 0):
 garbage-first heap   total 133120K, used 76756K [0x0000000704400000, 0x0000000800000000)
  region size 2048K, 3 young (6144K), 3 survivors (6144K)
 Metaspace       used 85871K, committed 86208K, reserved 1179648K
  class space    used 9252K, committed 9408K, reserved 1048576K
}
Event: 6.111 GC heap before
{Heap before GC invocations=31 (full 0):
 garbage-first heap   total 133120K, used 78804K [0x0000000704400000, 0x0000000800000000)
  region size 2048K, 4 young (8192K), 3 survivors (6144K)
 Metaspace       used 85871K, committed 86208K, reserved 1179648K
  class space    used 9252K, committed 9408K, reserved 1048576K
}

