# JRE version: OpenJDK Runtime Environment (17.0.9) (build 17.0.9+0--11185874)
# Java VM: OpenJDK 64-Bit Server VM (17.0.9+0--11185874, mixed mode, tiered, compressed oops, compressed class ptrs, g1 gc, windows-amd64)
GC Precious Log:
 CPUs: 16 total, 16 available
 Memory: 16110M
 Large Page Support: Disabled
 NUMA Support: Disabled
 Compressed Oops: Enabled (32-bit)
 Heap Region Size: 1M
 Heap Min Capacity: 8M
 Heap Initial Capacity: 252M
 Heap Max Capacity: 2G
 Pre-touch: Disabled
 Parallel Workers: 13
 Concurrent Workers: 3
 Concurrent Refinement Workers: 13
 Periodic GC: Disabled
Heap:
 garbage-first heap   total 260096K, used 162822K [0x0000000080000000, 0x0000000100000000)
  region size 1024K, 4 young (4096K), 4 survivors (4096K)
 Metaspace       used 135405K, committed 136384K, reserved 1179648K
  class space    used 19227K, committed 19712K, reserved 1048576K
GC Heap History (20 events):
Event: 7.988 GC heap after
{Heap after GC invocations=30 (full 0):
 garbage-first heap   total 249856K, used 113536K [0x0000000080000000, 0x0000000100000000)
  region size 1024K, 8 young (8192K), 8 survivors (8192K)
 Metaspace       used 105336K, committed 106048K, reserved 1179648K
  class space    used 14376K, committed 14720K, reserved 1048576K
}
Event: 7.994 GC heap before
{Heap before GC invocations=30 (full 0):
 garbage-first heap   total 249856K, used 116608K [0x0000000080000000, 0x0000000100000000)
  region size 1024K, 12 young (12288K), 8 survivors (8192K)
 Metaspace       used 105388K, committed 106112K, reserved 1179648K
  class space    used 14376K, committed 14720K, reserved 1048576K
}
Event: 7.998 GC heap after
{Heap after GC invocations=31 (full 0):
 garbage-first heap   total 249856K, used 113543K [0x0000000080000000, 0x0000000100000000)
  region size 1024K, 2 young (2048K), 2 survivors (2048K)
 Metaspace       used 105388K, committed 106112K, reserved 1179648K
  class space    used 14376K, committed 14720K, reserved 1048576K
}
Event: 8.194 GC heap before
{Heap before GC invocations=31 (full 0):
 garbage-first heap   total 249856K, used 200583K [0x0000000080000000, 0x0000000100000000)
  region size 1024K, 88 young (90112K), 2 survivors (2048K)
 Metaspace       used 106233K, committed 107008K, reserved 1179648K
  class space    used 14493K, committed 14848K, reserved 1048576K
}
Event: 8.198 GC heap after
{Heap after GC invocations=32 (full 0):
 garbage-first heap   total 249856K, used 119494K [0x0000000080000000, 0x0000000100000000)
  region size 1024K, 8 young (8192K), 8 survivors (8192K)
 Metaspace       used 106233K, committed 107008K, reserved 1179648K
  class space    used 14493K, committed 14848K, reserved 1048576K
}
Event: 9.466 GC heap before
{Heap before GC invocations=32 (full 0):
 garbage-first heap   total 249856K, used 201414K [0x0000000080000000, 0x0000000100000000)
  region size 1024K, 89 young (91136K), 8 survivors (8192K)
 Metaspace       used 107496K, committed 108288K, reserved 1179648K
  class space    used 14642K, committed 14976K, reserved 1048576K
}
Event: 9.470 GC heap after
{Heap after GC invocations=33 (full 0):
 garbage-first heap   total 249856K, used 124233K [0x0000000080000000, 0x0000000100000000)
  region size 1024K, 7 young (7168K), 7 survivors (7168K)
 Metaspace       used 107496K, committed 108288K, reserved 1179648K
  class space    used 14642K, committed 14976K, reserved 1048576K
}
Event: 9.808 GC heap before
{Heap before GC invocations=33 (full 0):
 garbage-first heap   total 249856K, used 202057K [0x0000000080000000, 0x0000000100000000)
  region size 1024K, 84 young (86016K), 7 survivors (7168K)
 Metaspace       used 108963K, committed 109696K, reserved 1179648K
  class space    used 14836K, committed 15168K, reserved 1048576K
}
Event: 9.812 GC heap after
{Heap after GC invocations=34 (full 0):
 garbage-first heap   total 249856K, used 128694K [0x0000000080000000, 0x0000000100000000)
  region size 1024K, 7 young (7168K), 7 survivors (7168K)
 Metaspace       used 108963K, committed 109696K, reserved 1179648K
  class space    used 14836K, committed 15168K, reserved 1048576K
}
Event: 13.650 GC heap before
{Heap before GC invocations=34 (full 0):
 garbage-first heap   total 249856K, used 202422K [0x0000000080000000, 0x0000000100000000)
  region size 1024K, 80 young (81920K), 7 survivors (7168K)
 Metaspace       used 114089K, committed 115008K, reserved 1179648K
  class space    used 15554K, committed 16000K, reserved 1048576K
}
Event: 13.656 GC heap after
{Heap after GC invocations=35 (full 0):
 garbage-first heap   total 249856K, used 134247K [0x0000000080000000, 0x0000000100000000)
  region size 1024K, 7 young (7168K), 7 survivors (7168K)
 Metaspace       used 114089K, committed 115008K, reserved 1179648K
  class space    used 15554K, committed 16000K, reserved 1048576K
}
Event: 14.143 GC heap before
{Heap before GC invocations=35 (full 0):
 garbage-first heap   total 249856K, used 203879K [0x0000000080000000, 0x0000000100000000)
  region size 1024K, 76 young (77824K), 7 survivors (7168K)
 Metaspace       used 122578K, committed 123520K, reserved 1179648K
  class space    used 16940K, committed 17408K, reserved 1048576K
}
Event: 14.147 GC heap after
{Heap after GC invocations=36 (full 0):
 garbage-first heap   total 249856K, used 137566K [0x0000000080000000, 0x0000000100000000)
  region size 1024K, 4 young (4096K), 4 survivors (4096K)
 Metaspace       used 122578K, committed 123520K, reserved 1179648K
  class space    used 16940K, committed 17408K, reserved 1048576K
}
Event: 14.426 GC heap before
{Heap before GC invocations=36 (full 0):
 garbage-first heap   total 249856K, used 206174K [0x0000000080000000, 0x0000000100000000)
  region size 1024K, 72 young (73728K), 4 survivors (4096K)
 Metaspace       used 129857K, committed 130816K, reserved 1179648K
  class space    used 18303K, committed 18752K, reserved 1048576K
}
Event: 14.429 GC heap after
{Heap after GC invocations=37 (full 0):
 garbage-first heap   total 249856K, used 139279K [0x0000000080000000, 0x0000000100000000)
  region size 1024K, 6 young (6144K), 6 survivors (6144K)
 Metaspace       used 129857K, committed 130816K, reserved 1179648K
  class space    used 18303K, committed 18752K, reserved 1048576K
}
Event: 14.889 GC heap before
{Heap before GC invocations=37 (full 0):
 garbage-first heap   total 249856K, used 232463K [0x0000000080000000, 0x0000000100000000)
  region size 1024K, 74 young (75776K), 6 survivors (6144K)
 Metaspace       used 135076K, committed 136064K, reserved 1179648K
  class space    used 19187K, committed 19648K, reserved 1048576K
}
Event: 14.892 GC heap after
{Heap after GC invocations=38 (full 0):
 garbage-first heap   total 249856K, used 162750K [0x0000000080000000, 0x0000000100000000)
  region size 1024K, 5 young (5120K), 5 survivors (5120K)
 Metaspace       used 135076K, committed 136064K, reserved 1179648K
  class space    used 19187K, committed 19648K, reserved 1048576K
}
Event: 14.958 GC heap before
{Heap before GC invocations=38 (full 0):
 garbage-first heap   total 249856K, used 178110K [0x0000000080000000, 0x0000000100000000)
  region size 1024K, 10 young (10240K), 5 survivors (5120K)
 Metaspace       used 135402K, committed 136384K, reserved 1179648K
  class space    used 19227K, committed 19712K, reserved 1048576K
}
Event: 14.961 GC heap after
{Heap after GC invocations=39 (full 0):
 garbage-first heap   total 249856K, used 150608K [0x0000000080000000, 0x0000000100000000)
  region size 1024K, 4 young (4096K), 4 survivors (4096K)
 Metaspace       used 135402K, committed 136384K, reserved 1179648K
  class space    used 19227K, committed 19712K, reserved 1048576K
}
Event: 14.963 GC heap before
{Heap before GC invocations=39 (full 0):
 garbage-first heap   total 249856K, used 162896K [0x0000000080000000, 0x0000000100000000)
  region size 1024K, 5 young (5120K), 4 survivors (4096K)
 Metaspace       used 135405K, committed 136384K, reserved 1179648K
  class space    used 19227K, committed 19712K, reserved 1048576K
}

