# JRE version: OpenJDK Runtime Environment (17.0.9) (build 17.0.9+0--11185874)
# Java VM: OpenJDK 64-Bit Server VM (17.0.9+0--11185874, mixed mode, tiered, compressed oops, compressed class ptrs, g1 gc, windows-amd64)
GC Precious Log:
 CPUs: 16 total, 16 available
 Memory: 16110M
 Large Page Support: Disabled
 NUMA Support: Disabled
 Compressed Oops: Enabled (Zero based)
 Heap Region Size: 2M
 Heap Min Capacity: 8M
 Heap Initial Capacity: 252M
 Heap Max Capacity: 4028M
 Pre-touch: Disabled
 Parallel Workers: 13
 Concurrent Workers: 3
 Concurrent Refinement Workers: 13
 Periodic GC: Disabled
Heap:
 garbage-first heap   total 147456K, used 74981K [0x0000000704400000, 0x0000000800000000)
  region size 2048K, 2 young (4096K), 2 survivors (4096K)
 Metaspace       used 85478K, committed 85824K, reserved 1179648K
  class space    used 9249K, committed 9408K, reserved 1048576K
GC Heap History (20 events):
Event: 2.237 GC heap after
{Heap after GC invocations=13 (full 0):
 garbage-first heap   total 92160K, used 37894K [0x0000000704400000, 0x0000000800000000)
  region size 2048K, 2 young (4096K), 2 survivors (4096K)
 Metaspace       used 53362K, committed 53568K, reserved 1114112K
  class space    used 6288K, committed 6400K, reserved 1048576K
}
Event: 2.381 GC heap before
{Heap before GC invocations=13 (full 0):
 garbage-first heap   total 92160K, used 66566K [0x0000000704400000, 0x0000000800000000)
  region size 2048K, 16 young (32768K), 2 survivors (4096K)
 Metaspace       used 53633K, committed 53824K, reserved 1114112K
  class space    used 6301K, committed 6400K, reserved 1048576K
}
Event: 2.392 GC heap after
{Heap after GC invocations=14 (full 0):
 garbage-first heap   total 92160K, used 40782K [0x0000000704400000, 0x0000000800000000)
  region size 2048K, 2 young (4096K), 2 survivors (4096K)
 Metaspace       used 53633K, committed 53824K, reserved 1114112K
  class space    used 6301K, committed 6400K, reserved 1048576K
}
Event: 2.488 GC heap before
{Heap before GC invocations=14 (full 0):
 garbage-first heap   total 92160K, used 67406K [0x0000000704400000, 0x0000000800000000)
  region size 2048K, 15 young (30720K), 2 survivors (4096K)
 Metaspace       used 54320K, committed 54528K, reserved 1114112K
  class space    used 6378K, committed 6464K, reserved 1048576K
}
Event: 2.495 GC heap after
{Heap after GC invocations=15 (full 0):
 garbage-first heap   total 92160K, used 42604K [0x0000000704400000, 0x0000000800000000)
  region size 2048K, 1 young (2048K), 1 survivors (2048K)
 Metaspace       used 54320K, committed 54528K, reserved 1114112K
  class space    used 6378K, committed 6464K, reserved 1048576K
}
Event: 2.745 GC heap before
{Heap before GC invocations=15 (full 0):
 garbage-first heap   total 92160K, used 69228K [0x0000000704400000, 0x0000000800000000)
  region size 2048K, 14 young (28672K), 1 survivors (2048K)
 Metaspace       used 56324K, committed 56576K, reserved 1114112K
  class space    used 6610K, committed 6720K, reserved 1048576K
}
Event: 2.752 GC heap after
{Heap after GC invocations=16 (full 0):
 garbage-first heap   total 92160K, used 46086K [0x0000000704400000, 0x0000000800000000)
  region size 2048K, 2 young (4096K), 2 survivors (4096K)
 Metaspace       used 56324K, committed 56576K, reserved 1114112K
  class space    used 6610K, committed 6720K, reserved 1048576K
}
Event: 3.186 GC heap before
{Heap before GC invocations=17 (full 0):
 garbage-first heap   total 92160K, used 70662K [0x0000000704400000, 0x0000000800000000)
  region size 2048K, 14 young (28672K), 2 survivors (4096K)
 Metaspace       used 58274K, committed 58560K, reserved 1114112K
  class space    used 6736K, committed 6848K, reserved 1048576K
}
Event: 3.194 GC heap after
{Heap after GC invocations=18 (full 0):
 garbage-first heap   total 92160K, used 49715K [0x0000000704400000, 0x0000000800000000)
  region size 2048K, 2 young (4096K), 2 survivors (4096K)
 Metaspace       used 58274K, committed 58560K, reserved 1114112K
  class space    used 6736K, committed 6848K, reserved 1048576K
}
Event: 3.252 GC heap before
{Heap before GC invocations=18 (full 0):
 garbage-first heap   total 92160K, used 51763K [0x0000000704400000, 0x0000000800000000)
  region size 2048K, 3 young (6144K), 2 survivors (4096K)
 Metaspace       used 58378K, committed 58624K, reserved 1114112K
  class space    used 6740K, committed 6848K, reserved 1048576K
}
Event: 3.258 GC heap after
{Heap after GC invocations=19 (full 0):
 garbage-first heap   total 147456K, used 49878K [0x0000000704400000, 0x0000000800000000)
  region size 2048K, 1 young (2048K), 1 survivors (2048K)
 Metaspace       used 58378K, committed 58624K, reserved 1114112K
  class space    used 6740K, committed 6848K, reserved 1048576K
}
Event: 3.995 GC heap before
{Heap before GC invocations=19 (full 0):
 garbage-first heap   total 147456K, used 107222K [0x0000000704400000, 0x0000000800000000)
  region size 2048K, 29 young (59392K), 1 survivors (2048K)
 Metaspace       used 64851K, committed 65152K, reserved 1114112K
  class space    used 7300K, committed 7488K, reserved 1048576K
}
Event: 4.003 GC heap after
{Heap after GC invocations=20 (full 0):
 garbage-first heap   total 147456K, used 55164K [0x0000000704400000, 0x0000000800000000)
  region size 2048K, 3 young (6144K), 3 survivors (6144K)
 Metaspace       used 64851K, committed 65152K, reserved 1114112K
  class space    used 7300K, committed 7488K, reserved 1048576K
}
Event: 4.578 GC heap before
{Heap before GC invocations=20 (full 0):
 garbage-first heap   total 147456K, used 108412K [0x0000000704400000, 0x0000000800000000)
  region size 2048K, 29 young (59392K), 3 survivors (6144K)
 Metaspace       used 70097K, committed 70400K, reserved 1114112K
  class space    used 7839K, committed 8000K, reserved 1048576K
}
Event: 4.590 GC heap after
{Heap after GC invocations=21 (full 0):
 garbage-first heap   total 147456K, used 63441K [0x0000000704400000, 0x0000000800000000)
  region size 2048K, 4 young (8192K), 4 survivors (8192K)
 Metaspace       used 70097K, committed 70400K, reserved 1114112K
  class space    used 7839K, committed 8000K, reserved 1048576K
}
Event: 5.061 GC heap before
{Heap before GC invocations=21 (full 0):
 garbage-first heap   total 147456K, used 108497K [0x0000000704400000, 0x0000000800000000)
  region size 2048K, 27 young (55296K), 4 survivors (8192K)
 Metaspace       used 75868K, committed 76224K, reserved 1179648K
  class space    used 8445K, committed 8640K, reserved 1048576K
}
Event: 5.072 GC heap after
{Heap after GC invocations=22 (full 0):
 garbage-first heap   total 147456K, used 68447K [0x0000000704400000, 0x0000000800000000)
  region size 2048K, 3 young (6144K), 3 survivors (6144K)
 Metaspace       used 75868K, committed 76224K, reserved 1179648K
  class space    used 8445K, committed 8640K, reserved 1048576K
}
Event: 5.466 GC heap before
{Heap before GC invocations=22 (full 0):
 garbage-first heap   total 147456K, used 113503K [0x0000000704400000, 0x0000000800000000)
  region size 2048K, 25 young (51200K), 3 survivors (6144K)
 Metaspace       used 80704K, committed 81088K, reserved 1179648K
  class space    used 8889K, committed 9088K, reserved 1048576K
}
Event: 5.478 GC heap after
{Heap after GC invocations=23 (full 0):
 garbage-first heap   total 147456K, used 72931K [0x0000000704400000, 0x0000000800000000)
  region size 2048K, 3 young (6144K), 3 survivors (6144K)
 Metaspace       used 80704K, committed 81088K, reserved 1179648K
  class space    used 8889K, committed 9088K, reserved 1048576K
}
Event: 5.901 GC heap before
{Heap before GC invocations=23 (full 0):
 garbage-first heap   total 147456K, used 113891K [0x0000000704400000, 0x0000000800000000)
  region size 2048K, 23 young (47104K), 3 survivors (6144K)
 Metaspace       used 85478K, committed 85824K, reserved 1179648K
  class space    used 9249K, committed 9408K, reserved 1048576K
}

